RuntimeCall::Preimage(Call::note_preimage { bytes: [239, 228, 255, 226] });1090408653846;0;-402040000000000;0;382;281851

RuntimeCall::Preimage(Call::note_preimage { bytes: [1, 0, 16, 239, 0, 255, 226, 42, 47, 0, 255, 255] });1380413410629;0;-402280000000000;0;500;365281

RuntimeCall::Preimage(Call::note_preimage { bytes: [239, 0, 255, 226] });1070408653846;0;-402040000000000;0;1038;340711

RuntimeCall::Preimage(Call::note_preimage { bytes: [] });910396885043;0;-401920000000000;0;328;298271

RuntimeCall::Preimage(Call::note_preimage { bytes: [1, 0, 16, 239, 0, 255, 226, 42, 47, 0, 255, 255] });1380420923144;0;-402280000000000;0;3596;331091

RuntimeCall::Preimage(Call::note_preimage { bytes: [239, 228, 255, 226] });1090397385710;0;-402040000000000;0;492;357031

RuntimeCall::Preimage(Call::note_preimage { bytes: [] });910400641025;0;-401920000000000;0;1034;348481

RuntimeCall::Preimage(Call::note_preimage { bytes: [] });910396885043;0;-401920000000000;0;3424;307821

RuntimeCall::Preimage(Call::note_preimage { bytes: [239, 0, 255, 226] });1070408653846;0;-402040000000000;0;1038;353842

RuntimeCall::Preimage(Call::note_preimage { bytes: [] });910396885043;0;-401920000000000;0;488;293021

RuntimeCall::Tips(Call::report_awesome { reason: [], who: 0000000000000000000000000000000000000000000000000000000000000200 (5C4hrfjw...) });1764543493590;0;-1000000000000000;0;1100;345851

RuntimeCall::Preimage(Call::note_preimage { bytes: [] });910396885043;0;-401920000000000;0;488;385872

RuntimeCall::Preimage(Call::note_preimage { bytes: [1, 24, 16, 239, 0, 255, 226, 42, 47, 0, 255, 255] });1390409654456;0;-402280000000000;0;3436;288401

RuntimeCall::Preimage(Call::note_preimage { bytes: [239, 228, 255, 226] });1090386118081;0;-402040000000000;0;492;350831

RuntimeCall::Preimage(Call::note_preimage { bytes: [] });910393129118;0;-401920000000000;0;488;317641

RuntimeCall::Preimage(Call::note_preimage { bytes: [] });910396885043;0;-401920000000000;0;488;365281

RuntimeCall::Preimage(Call::note_preimage { bytes: [] });910393129118;0;-401920000000000;0;3584;330731

RuntimeCall::Preimage(Call::note_preimage { bytes: [239, 0, 255, 226] });1070404897744;0;-402040000000000;0;492;325311

RuntimeCall::PolkadotXcm(Call::send { dest: V2(MultiLocation { parents: 1, interior: Here }), message: V3(Xcm([ExpectPallet { index: 202017418, name: [0, 0, 0, 0, 0, 0, 0, 0, 4, 42, 48, 0], module_name: [], crate_major: 0, min_crate_minor: 0 }, WithdrawAsset(MultiAssets([])), WithdrawAsset(MultiAssets([])), HrmpChannelAccepted { recipient: 0 }])) });4373964342948;0;0;0;3892;408792

RuntimeCall::Preimage(Call::note_preimage { bytes: [239, 228, 255, 226] });1090401141699;0;-402040000000000;0;3428;298670

RuntimeCall::Preimage(Call::note_preimage { bytes: [] });910396885043;0;-401920000000000;0;488;321240

RuntimeCall::Council(Call::propose { threshold: 8380352, proposal: RuntimeCall::Scheduler(Call::cancel { when: 808452152, index: 471674928 }), length_bound: 1212542 });2301401698385;0;0;0;3412;297751

RuntimeCall::Preimage(Call::note_preimage { bytes: [] });910400641025;0;-401920000000000;0;1034;324621

RuntimeCall::Preimage(Call::note_preimage { bytes: [239, 0, 255, 226] });1070404897744;0;-402040000000000;0;3588;313101

RuntimeCall::Preimage(Call::note_preimage { bytes: [] });910396885043;0;-401920000000000;0;488;334611

RuntimeCall::Preimage(Call::note_preimage { bytes: [239, 228, 255, 226] });1090401141699;0;-402040000000000;0;3588;326611

RuntimeCall::OTC(Call::place_order { asset_in: 0, asset_out: 0, amount_in: 276229215497938363306663898122578545664, amount_out: 2198816288657359, partially_fillable: false });2416701722756;0;-2198816288657359;0;1114;412331

RuntimeCall::Preimage(Call::note_preimage { bytes: [239, 0, 255, 226] });1070408653846;0;-402040000000000;0;1038;367862

RuntimeCall::Preimage(Call::note_preimage { bytes: [] });910393129118;0;-401920000000000;0;328;278171

RuntimeCall::Preimage(Call::note_preimage { bytes: [239, 228, 255, 226] });1090404897744;0;-402040000000000;0;3428;279730

RuntimeCall::Preimage(Call::note_preimage { bytes: [239, 0, 255, 226] });1070408653846;0;-402040000000000;0;1038;337031

RuntimeCall::Preimage(Call::note_preimage { bytes: [] });910396885043;0;-401920000000000;0;3424;290731

RuntimeCall::Democracy(Call::delegate { to: 0a0a0a0a0a0a0a0a0a0a0a0a0a0a0a0a0a0a0a0a0a0a0a0a0a0a0a0a0a0a0000 (5CHsKQwQ...), conviction: Conviction::None, balance: 34084861444096 });2449728407452;0;0;-34084861444096;1254;389791

RuntimeCall::Identity(Call::set_identity { info: IdentityInfo { additional: BoundedVec([], 100), display: Data::Keccak256([1, 49, 1, 1, 13, 0, 245, 1, 48, 48, 10, 30, 17, 48, 30, 17, 1, 0, 18, 1, 48, 48, 47, 10, 48, 47, 10, 30, 17, 1, 0, 1]), legal: Data::Raw(BoundedVec([], 32)), web: Data::Raw(BoundedVec([], 32)), riot: Data::Keccak256([48, 234, 48, 48, 10, 30, 17, 48, 30, 3, 0, 0, 0, 1, 48, 48, 47, 10, 48, 47, 10, 30, 17, 1, 0, 1, 48, 33, 137, 30, 17, 1]), email: Data::Raw(BoundedVec([], 32)), pgp_fingerprint: None, image: Data::Raw(BoundedVec([], 32)), twitter: Data::Raw(BoundedVec([], 32)) } });6312658276242;0;-500000000000000;0;1010;302891

RuntimeCall::Preimage(Call::note_preimage { bytes: [209, 0, 255, 226] });1070408653846;0;-402040000000000;0;1038;343771

RuntimeCall::TechnicalCommittee(Call::execute { proposal: RuntimeCall::Scheduler(Call::cancel_named { id: [7, 3, 128, 8, 9, 22, 0, 17, 0, 52, 52, 52, 52, 52, 52, 52, 52, 52, 52, 52, 52, 52, 52, 52, 52, 52, 16, 48, 232, 52, 52, 52] }), length_bound: 4160 });3064555420673;0;0;0;688;228271

RuntimeCall::Identity(Call::set_identity { info: IdentityInfo { additional: BoundedVec([], 100), display: Data::Raw(BoundedVec([3, 0, 0, 0, 64, 31, 3, 48, 13, 0, 3, 3, 3], 32)), legal: Data::Raw(BoundedVec([3, 3], 32)), web: Data::Raw(BoundedVec([3, 7], 32)), riot: Data::Raw(BoundedVec([3, 3], 32)), email: Data::None, pgp_fingerprint: None, image: Data::None, twitter: Data::Raw(BoundedVec([3, 0, 255, 127, 64, 3, 3, 0, 0, 4, 0, 3, 48], 32)) } });4742658276242;0;-500000000000000;0;978;369991

RuntimeCall::Preimage(Call::note_preimage { bytes: [239, 228, 255, 226] });1090408653846;0;-402040000000000;0;1038;345831

RuntimeCall::Preimage(Call::note_preimage { bytes: [239, 0, 255, 226] });1070408653846;0;-402040000000000;0;382;278941

RuntimeCall::PolkadotXcm(Call::send { dest: V2(MultiLocation { parents: 1, interior: Here }), message: V2(Xcm([ReceiveTeleportedAsset(MultiAssets([])), ReserveAssetDeposited(MultiAssets([])), Transact { origin_type: Native, require_weight_at_most: 0, call: [] }, WithdrawAsset(MultiAssets([]))])) });3853964342948;0;0;0;3878;370261

RuntimeCall::Preimage(Call::note_preimage { bytes: [] });910396885043;0;-401920000000000;0;488;311331

RuntimeCall::Currencies(Call::transfer_native_currency { dest: d5ececececececececececececececececececec042a30ec0404050200040000 (5GuCSNGh...), amount: 0 });1834067508013;0;0;0;688;166931

RuntimeCall::Preimage(Call::note_preimage { bytes: [239, 228, 255, 226] });1090408653846;0;-402040000000000;0;382;278131

RuntimeCall::Preimage(Call::note_preimage { bytes: [239, 0, 255, 226] });1070408653846;0;-402040000000000;0;1038;311830

RuntimeCall::Preimage(Call::note_preimage { bytes: [] });910396885043;0;-401920000000000;0;328;297541

RuntimeCall::Identity(Call::set_identity { info: IdentityInfo { additional: BoundedVec([(Data::Sha256([1, 36, 38, 41, 39, 41, 41, 35, 37, 37, 0, 34, 37, 37, 255, 42, 218, 1, 0, 218, 65, 0, 0, 1, 1, 39, 1, 1, 29, 1, 1, 1]), Data::Raw(BoundedVec([], 32))), (Data::Raw(BoundedVec([], 32)), Data::None)], 100), display: Data::None, legal: Data::None, web: Data::None, riot: Data::None, email: Data::None, pgp_fingerprint: None, image: Data::None, twitter: Data::None } });4933723740985;0;-700000000000000;0;982;364451

